<?xml version="1.0" encoding="UTF-8"?>
<testsuite name="RepositoryTest" tests="1" skipped="0" failures="0" errors="0" timestamp="2022-12-11T05:20:31" hostname="jurogrammerui-MacBookPro.local" time="0.143">
  <properties/>
  <testcase name="test()" classname="RepositoryTest" time="0.143"/>
  <system-out><![CDATA[14:20:28.647 [Test worker] DEBUG org.springframework.test.context.BootstrapUtils - Instantiating CacheAwareContextLoaderDelegate from class [org.springframework.test.context.cache.DefaultCacheAwareContextLoaderDelegate]
14:20:28.653 [Test worker] DEBUG org.springframework.test.context.BootstrapUtils - Instantiating BootstrapContext using constructor [public org.springframework.test.context.support.DefaultBootstrapContext(java.lang.Class,org.springframework.test.context.CacheAwareContextLoaderDelegate)]
14:20:28.675 [Test worker] DEBUG org.springframework.test.context.BootstrapUtils - Instantiating TestContextBootstrapper for test class [RepositoryTest] from class [org.springframework.boot.test.context.SpringBootTestContextBootstrapper]
14:20:28.683 [Test worker] INFO org.springframework.boot.test.context.SpringBootTestContextBootstrapper - Neither @ContextConfiguration nor @ContextHierarchy found for test class [RepositoryTest], using SpringBootContextLoader
14:20:28.685 [Test worker] DEBUG org.springframework.test.context.support.AbstractContextLoader - Did not detect default resource location for test class [RepositoryTest]: class path resource [RepositoryTest-context.xml] does not exist
14:20:28.685 [Test worker] DEBUG org.springframework.test.context.support.AbstractContextLoader - Did not detect default resource location for test class [RepositoryTest]: class path resource [RepositoryTestContext.groovy] does not exist
14:20:28.686 [Test worker] INFO org.springframework.test.context.support.AbstractContextLoader - Could not detect default resource locations for test class [RepositoryTest]: no resource found for suffixes {-context.xml, Context.groovy}.
14:20:28.711 [Test worker] DEBUG org.springframework.test.context.support.ActiveProfilesUtils - Could not find an 'annotation declaring class' for annotation type [org.springframework.test.context.ActiveProfiles] and class [RepositoryTest]
14:20:28.785 [Test worker] DEBUG org.springframework.boot.test.context.SpringBootTestContextBootstrapper - @TestExecutionListeners is not present for class [RepositoryTest]: using defaults.
14:20:28.785 [Test worker] INFO org.springframework.boot.test.context.SpringBootTestContextBootstrapper - Loaded default TestExecutionListener class names from location [META-INF/spring.factories]: [org.springframework.boot.test.autoconfigure.restdocs.RestDocsTestExecutionListener, org.springframework.boot.test.autoconfigure.web.client.MockRestServiceServerResetTestExecutionListener, org.springframework.boot.test.autoconfigure.web.servlet.MockMvcPrintOnlyOnFailureTestExecutionListener, org.springframework.boot.test.autoconfigure.web.servlet.WebDriverTestExecutionListener, org.springframework.boot.test.autoconfigure.webservices.client.MockWebServiceServerTestExecutionListener, org.springframework.boot.test.mock.mockito.MockitoTestExecutionListener, org.springframework.boot.test.mock.mockito.ResetMocksTestExecutionListener, org.springframework.test.context.web.ServletTestExecutionListener, org.springframework.test.context.support.DirtiesContextBeforeModesTestExecutionListener, org.springframework.test.context.event.ApplicationEventsTestExecutionListener, org.springframework.test.context.support.DependencyInjectionTestExecutionListener, org.springframework.test.context.support.DirtiesContextTestExecutionListener, org.springframework.test.context.transaction.TransactionalTestExecutionListener, org.springframework.test.context.jdbc.SqlScriptsTestExecutionListener, org.springframework.test.context.event.EventPublishingTestExecutionListener]
14:20:28.795 [Test worker] INFO org.springframework.boot.test.context.SpringBootTestContextBootstrapper - Using TestExecutionListeners: [org.springframework.test.context.web.ServletTestExecutionListener@519a1178, org.springframework.test.context.support.DirtiesContextBeforeModesTestExecutionListener@35625dd4, org.springframework.test.context.event.ApplicationEventsTestExecutionListener@9ba0de2, org.springframework.boot.test.mock.mockito.MockitoTestExecutionListener@93e2cad, org.springframework.boot.test.autoconfigure.SpringBootDependencyInjectionTestExecutionListener@82eed23, org.springframework.test.context.support.DirtiesContextTestExecutionListener@2f059d0f, org.springframework.test.context.transaction.TransactionalTestExecutionListener@76094010, org.springframework.test.context.jdbc.SqlScriptsTestExecutionListener@eaa5138, org.springframework.test.context.event.EventPublishingTestExecutionListener@7192f23b, org.springframework.boot.test.autoconfigure.restdocs.RestDocsTestExecutionListener@72fce4e3, org.springframework.boot.test.autoconfigure.web.client.MockRestServiceServerResetTestExecutionListener@4ec9236c, org.springframework.boot.test.autoconfigure.web.servlet.MockMvcPrintOnlyOnFailureTestExecutionListener@1236981c, org.springframework.boot.test.autoconfigure.web.servlet.WebDriverTestExecutionListener@7453a34b, org.springframework.boot.test.autoconfigure.webservices.client.MockWebServiceServerTestExecutionListener@611d9ade, org.springframework.boot.test.mock.mockito.ResetMocksTestExecutionListener@66c807d2]
14:20:28.796 [Test worker] DEBUG org.springframework.test.context.support.AbstractDirtiesContextTestExecutionListener - Before test class: context [DefaultTestContext@6310f446 testClass = RepositoryTest, testInstance = [null], testMethod = [null], testException = [null], mergedContextConfiguration = [WebMergedContextConfiguration@6ffd5067 testClass = RepositoryTest, locations = '{}', classes = '{class concur.api.ConCurApiApplication}', contextInitializerClasses = '[]', activeProfiles = '{}', propertySourceLocations = '{}', propertySourceProperties = '{org.springframework.boot.test.context.SpringBootTestContextBootstrapper=true}', contextCustomizers = set[org.springframework.boot.test.autoconfigure.actuate.metrics.MetricsExportContextCustomizerFactory$DisableMetricExportContextCustomizer@7d182540, org.springframework.boot.test.autoconfigure.properties.PropertyMappingContextCustomizer@0, org.springframework.boot.test.autoconfigure.web.servlet.WebDriverContextCustomizerFactory$Customizer@5ab46300, org.springframework.boot.test.context.filter.ExcludeFilterContextCustomizer@456e5ee5, org.springframework.boot.test.json.DuplicateJsonObjectContextCustomizerFactory$DuplicateJsonObjectContextCustomizer@351f4c61, org.springframework.boot.test.mock.mockito.MockitoContextCustomizer@0, org.springframework.boot.test.web.client.TestRestTemplateContextCustomizer@143f9826, org.springframework.boot.test.context.SpringBootTestArgs@1, org.springframework.boot.test.context.SpringBootTestWebEnvironment@c71160b], resourceBasePath = 'src/main/webapp', contextLoader = 'org.springframework.boot.test.context.SpringBootContextLoader', parent = [null]], attributes = map['org.springframework.test.context.web.ServletTestExecutionListener.activateListener' -> true]], class annotated with @DirtiesContext [false] with mode [null].

  .   ____          _            __ _ _
 /\\ / ___'_ __ _ _(_)_ __  __ _ \ \ \ \
( ( )\___ | '_ | '_| | '_ \/ _` | \ \ \ \
 \\/  ___)| |_)| | | | | || (_| |  ) ) ) )
  '  |____| .__|_| |_|_| |_\__, | / / / /
 =========|_|==============|___/=/_/_/_/
 :: Spring Boot ::                (v2.7.6)

2022-12-11 14:20:28.995  INFO 26608 --- [    Test worker] RepositoryTest                           : Starting RepositoryTest using Java 11.0.16.1 on jurogrammerui-MacBookPro.local with PID 26608 (started by jurogrammer in /Users/jurogrammer/Documents/projects/concur/concur-api)
2022-12-11 14:20:28.996  INFO 26608 --- [    Test worker] RepositoryTest                           : No active profile set, falling back to 1 default profile: "default"
2022-12-11 14:20:29.288  INFO 26608 --- [    Test worker] .s.d.r.c.RepositoryConfigurationDelegate : Bootstrapping Spring Data JPA repositories in DEFAULT mode.
2022-12-11 14:20:29.317  INFO 26608 --- [    Test worker] .s.d.r.c.RepositoryConfigurationDelegate : Finished Spring Data repository scanning in 23 ms. Found 2 JPA repository interfaces.
2022-12-11 14:20:29.735  INFO 26608 --- [    Test worker] o.hibernate.jpa.internal.util.LogHelper  : HHH000204: Processing PersistenceUnitInfo [name: default]
2022-12-11 14:20:29.770  INFO 26608 --- [    Test worker] org.hibernate.Version                    : HHH000412: Hibernate ORM core version 5.6.14.Final
2022-12-11 14:20:29.891  INFO 26608 --- [    Test worker] o.hibernate.annotations.common.Version   : HCANN000001: Hibernate Commons Annotations {5.1.2.Final}
2022-12-11 14:20:29.953  INFO 26608 --- [    Test worker] com.zaxxer.hikari.HikariDataSource       : HikariPool-1 - Starting...
2022-12-11 14:20:30.239  INFO 26608 --- [    Test worker] com.zaxxer.hikari.HikariDataSource       : HikariPool-1 - Start completed.
2022-12-11 14:20:30.251  INFO 26608 --- [    Test worker] org.hibernate.dialect.Dialect            : HHH000400: Using dialect: org.hibernate.dialect.MySQL8Dialect
2022-12-11 14:20:30.716  INFO 26608 --- [    Test worker] o.h.e.t.j.p.i.JtaPlatformInitiator       : HHH000490: Using JtaPlatform implementation: [org.hibernate.engine.transaction.jta.platform.internal.NoJtaPlatform]
2022-12-11 14:20:30.722  INFO 26608 --- [    Test worker] j.LocalContainerEntityManagerFactoryBean : Initialized JPA EntityManagerFactory for persistence unit 'default'
2022-12-11 14:20:31.019  WARN 26608 --- [    Test worker] JpaBaseConfiguration$JpaWebConfiguration : spring.jpa.open-in-view is enabled by default. Therefore, database queries may be performed during view rendering. Explicitly configure spring.jpa.open-in-view to disable this warning
2022-12-11 14:20:31.335  INFO 26608 --- [    Test worker] RepositoryTest                           : Started RepositoryTest in 2.519 seconds (JVM running for 3.242)
Hibernate: select next_val as id_val from hibernate_sequence for update
Hibernate: update hibernate_sequence set next_val= ? where next_val=?
Hibernate: insert into users (cnt, name, id) values (?, ?, ?)
user = User(id=6203, name=hello, cnt=10)
]]></system-out>
  <system-err><![CDATA[]]></system-err>
</testsuite>
